# JRE version: OpenJDK Runtime Environment (8.0_152-b01) (build 1.8.0_152-release-1343-b01)
# Java VM: OpenJDK 64-Bit Server VM (25.152-b01 mixed mode windows-amd64 compressed oops)
Heap:
 PSYoungGen      total 219648K, used 40144K [0x00000000e0000000, 0x00000000f0980000, 0x0000000100000000)
  eden space 201216K, 10% used [0x00000000e0000000,0x00000000e1539de0,0x00000000ec480000)
  from space 18432K, 99% used [0x00000000ec480000,0x00000000ed67a600,0x00000000ed680000)
  to   space 20992K, 0% used [0x00000000ef500000,0x00000000ef500000,0x00000000f0980000)
 ParOldGen       total 118272K, used 35568K [0x00000000a0000000, 0x00000000a7380000, 0x00000000e0000000)
  object space 118272K, 30% used [0x00000000a0000000,0x00000000a22bc2d8,0x00000000a7380000)
 Metaspace       used 74262K, capacity 76412K, committed 76584K, reserved 1116160K
  class space    used 9728K, capacity 10181K, committed 10280K, reserved 1048576K
GC Heap History (10 events):
Event: 17.024 GC heap before
{Heap before GC invocations=12 (full 2):
 PSYoungGen      total 125440K, used 114688K [0x00000000e0000000, 0x00000000eb500000, 0x0000000100000000)
  eden space 114688K, 100% used [0x00000000e0000000,0x00000000e7000000,0x00000000e7000000)
  from space 10752K, 0% used [0x00000000e7000000,0x00000000e7000000,0x00000000e7a80000)
  to   space 11776K, 0% used [0x00000000ea980000,0x00000000ea980000,0x00000000eb500000)
 ParOldGen       total 77312K, used 16728K [0x00000000a0000000, 0x00000000a4b80000, 0x00000000e0000000)
  object space 77312K, 21% used [0x00000000a0000000,0x00000000a1056148,0x00000000a4b80000)
 Metaspace       used 45570K, capacity 46516K, committed 46632K, reserved 1089536K
  class space    used 6142K, capacity 6409K, committed 6440K, reserved 1048576K
Event: 17.107 GC heap after
Heap after GC invocations=12 (full 2):
 PSYoungGen      total 167936K, used 11774K [0x00000000e0000000, 0x00000000eb500000, 0x0000000100000000)
  eden space 156160K, 0% used [0x00000000e0000000,0x00000000e0000000,0x00000000e9880000)
  from space 11776K, 99% used [0x00000000ea980000,0x00000000eb4ffa28,0x00000000eb500000)
  to   space 13824K, 0% used [0x00000000e9a00000,0x00000000e9a00000,0x00000000ea780000)
 ParOldGen       total 77312K, used 19669K [0x00000000a0000000, 0x00000000a4b80000, 0x00000000e0000000)
  object space 77312K, 25% used [0x00000000a0000000,0x00000000a1335730,0x00000000a4b80000)
 Metaspace       used 45570K, capacity 46516K, committed 46632K, reserved 1089536K
  class space    used 6142K, capacity 6409K, committed 6440K, reserved 1048576K
}
Event: 23.658 GC heap before
{Heap before GC invocations=13 (full 2):
 PSYoungGen      total 167936K, used 155796K [0x00000000e0000000, 0x00000000eb500000, 0x0000000100000000)
  eden space 156160K, 92% used [0x00000000e0000000,0x00000000e8ca57f8,0x00000000e9880000)
  from space 11776K, 99% used [0x00000000ea980000,0x00000000eb4ffa28,0x00000000eb500000)
  to   space 13824K, 0% used [0x00000000e9a00000,0x00000000e9a00000,0x00000000ea780000)
 ParOldGen       total 77312K, used 19669K [0x00000000a0000000, 0x00000000a4b80000, 0x00000000e0000000)
  object space 77312K, 25% used [0x00000000a0000000,0x00000000a1335730,0x00000000a4b80000)
 Metaspace       used 57572K, capacity 59038K, committed 59160K, reserved 1099776K
  class space    used 7761K, capacity 8140K, committed 8232K, reserved 1048576K
Event: 23.701 GC heap after
Heap after GC invocations=13 (full 2):
 PSYoungGen      total 171520K, used 13814K [0x00000000e0000000, 0x00000000eef00000, 0x0000000100000000)
  eden space 157696K, 0% used [0x00000000e0000000,0x00000000e0000000,0x00000000e9a00000)
  from space 13824K, 99% used [0x00000000e9a00000,0x00000000ea77d828,0x00000000ea780000)
  to   space 18432K, 0% used [0x00000000edd00000,0x00000000edd00000,0x00000000eef00000)
 ParOldGen       total 77312K, used 27120K [0x00000000a0000000, 0x00000000a4b80000, 0x00000000e0000000)
  object space 77312K, 35% used [0x00000000a0000000,0x00000000a1a7c000,0x00000000a4b80000)
 Metaspace       used 57572K, capacity 59038K, committed 59160K, reserved 1099776K
  class space    used 7761K, capacity 8140K, committed 8232K, reserved 1048576K
}
Event: 23.701 GC heap before
{Heap before GC invocations=14 (full 3):
 PSYoungGen      total 171520K, used 13814K [0x00000000e0000000, 0x00000000eef00000, 0x0000000100000000)
  eden space 157696K, 0% used [0x00000000e0000000,0x00000000e0000000,0x00000000e9a00000)
  from space 13824K, 99% used [0x00000000e9a00000,0x00000000ea77d828,0x00000000ea780000)
  to   space 18432K, 0% used [0x00000000edd00000,0x00000000edd00000,0x00000000eef00000)
 ParOldGen       total 77312K, used 27120K [0x00000000a0000000, 0x00000000a4b80000, 0x00000000e0000000)
  object space 77312K, 35% used [0x00000000a0000000,0x00000000a1a7c000,0x00000000a4b80000)
 Metaspace       used 57572K, capacity 59038K, committed 59160K, reserved 1099776K
  class space    used 7761K, capacity 8140K, committed 8232K, reserved 1048576K
Event: 24.229 GC heap after
Heap after GC invocations=14 (full 3):
 PSYoungGen      total 171520K, used 0K [0x00000000e0000000, 0x00000000eef00000, 0x0000000100000000)
  eden space 157696K, 0% used [0x00000000e0000000,0x00000000e0000000,0x00000000e9a00000)
  from space 13824K, 0% used [0x00000000e9a00000,0x00000000e9a00000,0x00000000ea780000)
  to   space 18432K, 0% used [0x00000000edd00000,0x00000000edd00000,0x00000000eef00000)
 ParOldGen       total 118272K, used 34911K [0x00000000a0000000, 0x00000000a7380000, 0x00000000e0000000)
  object space 118272K, 29% used [0x00000000a0000000,0x00000000a2217e30,0x00000000a7380000)
 Metaspace       used 57572K, capacity 59038K, committed 59160K, reserved 1099776K
  class space    used 7761K, capacity 8140K, committed 8232K, reserved 1048576K
}
Event: 31.498 GC heap before
{Heap before GC invocations=15 (full 3):
 PSYoungGen      total 171520K, used 157696K [0x00000000e0000000, 0x00000000eef00000, 0x0000000100000000)
  eden space 157696K, 100% used [0x00000000e0000000,0x00000000e9a00000,0x00000000e9a00000)
  from space 13824K, 0% used [0x00000000e9a00000,0x00000000e9a00000,0x00000000ea780000)
  to   space 18432K, 0% used [0x00000000edd00000,0x00000000edd00000,0x00000000eef00000)
 ParOldGen       total 118272K, used 34911K [0x00000000a0000000, 0x00000000a7380000, 0x00000000e0000000)
  object space 118272K, 29% used [0x00000000a0000000,0x00000000a2217e30,0x00000000a7380000)
 Metaspace       used 64802K, capacity 66730K, committed 66984K, reserved 1107968K
  class space    used 8675K, capacity 9118K, committed 9128K, reserved 1048576K
Event: 31.526 GC heap after
Heap after GC invocations=15 (full 3):
 PSYoungGen      total 204288K, used 11733K [0x00000000e0000000, 0x00000000ee880000, 0x0000000100000000)
  eden space 192512K, 0% used [0x00000000e0000000,0x00000000e0000000,0x00000000ebc00000)
  from space 11776K, 99% used [0x00000000edd00000,0x00000000ee875540,0x00000000ee880000)
  to   space 18432K, 0% used [0x00000000ec480000,0x00000000ec480000,0x00000000ed680000)
 ParOldGen       total 118272K, used 34919K [0x00000000a0000000, 0x00000000a7380000, 0x00000000e0000000)
  object space 118272K, 29% used [0x00000000a0000000,0x00000000a2219e30,0x00000000a7380000)
 Metaspace       used 64802K, capacity 66730K, committed 66984K, reserved 1107968K
  class space    used 8675K, capacity 9118K, committed 9128K, reserved 1048576K
}
Event: 71.472 GC heap before
{Heap before GC invocations=16 (full 3):
 PSYoungGen      total 204288K, used 204241K [0x00000000e0000000, 0x00000000ee880000, 0x0000000100000000)
  eden space 192512K, 99% used [0x00000000e0000000,0x00000000ebbff230,0x00000000ebc00000)
  from space 11776K, 99% used [0x00000000edd00000,0x00000000ee875540,0x00000000ee880000)
  to   space 18432K, 0% used [0x00000000ec480000,0x00000000ec480000,0x00000000ed680000)
 ParOldGen       total 118272K, used 34919K [0x00000000a0000000, 0x00000000a7380000, 0x00000000e0000000)
  object space 118272K, 29% used [0x00000000a0000000,0x00000000a2219e30,0x00000000a7380000)
 Metaspace       used 73613K, capacity 75776K, committed 75944K, reserved 1116160K
  class space    used 9659K, capacity 10131K, committed 10152K, reserved 1048576K
Event: 71.621 GC heap after
Heap after GC invocations=16 (full 3):
 PSYoungGen      total 219648K, used 18409K [0x00000000e0000000, 0x00000000f0980000, 0x0000000100000000)
  eden space 201216K, 0% used [0x00000000e0000000,0x00000000e0000000,0x00000000ec480000)
  from space 18432K, 99% used [0x00000000ec480000,0x00000000ed67a600,0x00000000ed680000)
  to   space 20992K, 0% used [0x00000000ef500000,0x00000000ef500000,0x00000000f0980000)
 ParOldGen       total 118272K, used 35568K [0x00000000a0000000, 0x00000000a7380000, 0x00000000e0000000)
  object space 118272K, 30% used [0x00000000a0000000,0x00000000a22bc2d8,0x00000000a7380000)
 Metaspace       used 73613K, capacity 75776K, committed 75944K, reserved 1116160K
  class space    used 9659K, capacity 10131K, committed 10152K, reserved 1048576K
}

