# JRE version: OpenJDK Runtime Environment (8.0_152-b01) (build 1.8.0_152-release-1343-b01)
# Java VM: OpenJDK 64-Bit Server VM (25.152-b01 mixed mode windows-amd64 compressed oops)
Heap:
 PSYoungGen      total 76800K, used 41717K [0x00000000e0000000, 0x00000000e7d00000, 0x0000000100000000)
  eden space 66560K, 50% used [0x00000000e0000000,0x00000000e20fd760,0x00000000e4100000)
  from space 10240K, 77% used [0x00000000e4100000,0x00000000e48c0050,0x00000000e4b00000)
  to   space 10752K, 0% used [0x00000000e7280000,0x00000000e7280000,0x00000000e7d00000)
 ParOldGen       total 58880K, used 8263K [0x00000000a0000000, 0x00000000a3980000, 0x00000000e0000000)
  object space 58880K, 14% used [0x00000000a0000000,0x00000000a0811d20,0x00000000a3980000)
 Metaspace       used 30302K, capacity 30760K, committed 30976K, reserved 1075200K
  class space    used 4132K, capacity 4330K, committed 4352K, reserved 1048576K
GC Heap History (10 events):
Event: 5.563 GC heap before
{Heap before GC invocations=4 (full 0):
 PSYoungGen      total 38400K, used 38395K [0x00000000e0000000, 0x00000000e2a80000, 0x0000000100000000)
  eden space 33280K, 100% used [0x00000000e0000000,0x00000000e2080000,0x00000000e2080000)
  from space 5120K, 99% used [0x00000000e2080000,0x00000000e257efa8,0x00000000e2580000)
  to   space 5120K, 0% used [0x00000000e2580000,0x00000000e2580000,0x00000000e2a80000)
 ParOldGen       total 87552K, used 1737K [0x00000000a0000000, 0x00000000a5580000, 0x00000000e0000000)
  object space 87552K, 1% used [0x00000000a0000000,0x00000000a01b25f0,0x00000000a5580000)
 Metaspace       used 15744K, capacity 16132K, committed 16256K, reserved 1062912K
  class space    used 2249K, capacity 2424K, committed 2432K, reserved 1048576K
Event: 5.585 GC heap after
Heap after GC invocations=4 (full 0):
 PSYoungGen      total 38400K, used 5088K [0x00000000e0000000, 0x00000000e4b00000, 0x0000000100000000)
  eden space 33280K, 0% used [0x00000000e0000000,0x00000000e0000000,0x00000000e2080000)
  from space 5120K, 99% used [0x00000000e2580000,0x00000000e2a78020,0x00000000e2a80000)
  to   space 5120K, 0% used [0x00000000e2080000,0x00000000e2080000,0x00000000e2580000)
 ParOldGen       total 87552K, used 4861K [0x00000000a0000000, 0x00000000a5580000, 0x00000000e0000000)
  object space 87552K, 5% used [0x00000000a0000000,0x00000000a04bf790,0x00000000a5580000)
 Metaspace       used 15744K, capacity 16132K, committed 16256K, reserved 1062912K
  class space    used 2249K, capacity 2424K, committed 2432K, reserved 1048576K
}
Event: 6.528 GC heap before
{Heap before GC invocations=5 (full 0):
 PSYoungGen      total 38400K, used 38368K [0x00000000e0000000, 0x00000000e4b00000, 0x0000000100000000)
  eden space 33280K, 100% used [0x00000000e0000000,0x00000000e2080000,0x00000000e2080000)
  from space 5120K, 99% used [0x00000000e2580000,0x00000000e2a78020,0x00000000e2a80000)
  to   space 5120K, 0% used [0x00000000e2080000,0x00000000e2080000,0x00000000e2580000)
 ParOldGen       total 87552K, used 4861K [0x00000000a0000000, 0x00000000a5580000, 0x00000000e0000000)
  object space 87552K, 5% used [0x00000000a0000000,0x00000000a04bf790,0x00000000a5580000)
 Metaspace       used 18974K, capacity 19410K, committed 19584K, reserved 1067008K
  class space    used 2744K, capacity 2927K, committed 2944K, reserved 1048576K
Event: 6.543 GC heap after
Heap after GC invocations=5 (full 0):
 PSYoungGen      total 38400K, used 5088K [0x00000000e0000000, 0x00000000e5600000, 0x0000000100000000)
  eden space 33280K, 0% used [0x00000000e0000000,0x00000000e0000000,0x00000000e2080000)
  from space 5120K, 99% used [0x00000000e2080000,0x00000000e2578030,0x00000000e2580000)
  to   space 10752K, 0% used [0x00000000e4b80000,0x00000000e4b80000,0x00000000e5600000)
 ParOldGen       total 87552K, used 8535K [0x00000000a0000000, 0x00000000a5580000, 0x00000000e0000000)
  object space 87552K, 9% used [0x00000000a0000000,0x00000000a0855ec0,0x00000000a5580000)
 Metaspace       used 18974K, capacity 19410K, committed 19584K, reserved 1067008K
  class space    used 2744K, capacity 2927K, committed 2944K, reserved 1048576K
}
Event: 6.822 GC heap before
{Heap before GC invocations=6 (full 0):
 PSYoungGen      total 38400K, used 16525K [0x00000000e0000000, 0x00000000e5600000, 0x0000000100000000)
  eden space 33280K, 34% used [0x00000000e0000000,0x00000000e0b2b4a8,0x00000000e2080000)
  from space 5120K, 99% used [0x00000000e2080000,0x00000000e2578030,0x00000000e2580000)
  to   space 10752K, 0% used [0x00000000e4b80000,0x00000000e4b80000,0x00000000e5600000)
 ParOldGen       total 87552K, used 8535K [0x00000000a0000000, 0x00000000a5580000, 0x00000000e0000000)
  object space 87552K, 9% used [0x00000000a0000000,0x00000000a0855ec0,0x00000000a5580000)
 Metaspace       used 20692K, capacity 21138K, committed 21296K, reserved 1067008K
  class space    used 2906K, capacity 3119K, committed 3200K, reserved 1048576K
Event: 6.833 GC heap after
Heap after GC invocations=6 (full 0):
 PSYoungGen      total 76288K, used 7087K [0x00000000e0000000, 0x00000000e5500000, 0x0000000100000000)
  eden space 66560K, 0% used [0x00000000e0000000,0x00000000e0000000,0x00000000e4100000)
  from space 9728K, 72% used [0x00000000e4b80000,0x00000000e526bd00,0x00000000e5500000)
  to   space 10240K, 0% used [0x00000000e4100000,0x00000000e4100000,0x00000000e4b00000)
 ParOldGen       total 87552K, used 8543K [0x00000000a0000000, 0x00000000a5580000, 0x00000000e0000000)
  object space 87552K, 9% used [0x00000000a0000000,0x00000000a0857ec0,0x00000000a5580000)
 Metaspace       used 20692K, capacity 21138K, committed 21296K, reserved 1067008K
  class space    used 2906K, capacity 3119K, committed 3200K, reserved 1048576K
}
Event: 6.834 GC heap before
{Heap before GC invocations=7 (full 1):
 PSYoungGen      total 76288K, used 7087K [0x00000000e0000000, 0x00000000e5500000, 0x0000000100000000)
  eden space 66560K, 0% used [0x00000000e0000000,0x00000000e0000000,0x00000000e4100000)
  from space 9728K, 72% used [0x00000000e4b80000,0x00000000e526bd00,0x00000000e5500000)
  to   space 10240K, 0% used [0x00000000e4100000,0x00000000e4100000,0x00000000e4b00000)
 ParOldGen       total 87552K, used 8543K [0x00000000a0000000, 0x00000000a5580000, 0x00000000e0000000)
  object space 87552K, 9% used [0x00000000a0000000,0x00000000a0857ec0,0x00000000a5580000)
 Metaspace       used 20692K, capacity 21138K, committed 21296K, reserved 1067008K
  class space    used 2906K, capacity 3119K, committed 3200K, reserved 1048576K
Event: 6.909 GC heap after
Heap after GC invocations=7 (full 1):
 PSYoungGen      total 76288K, used 0K [0x00000000e0000000, 0x00000000e5500000, 0x0000000100000000)
  eden space 66560K, 0% used [0x00000000e0000000,0x00000000e0000000,0x00000000e4100000)
  from space 9728K, 0% used [0x00000000e4b80000,0x00000000e4b80000,0x00000000e5500000)
  to   space 10240K, 0% used [0x00000000e4100000,0x00000000e4100000,0x00000000e4b00000)
 ParOldGen       total 58880K, used 8255K [0x00000000a0000000, 0x00000000a3980000, 0x00000000e0000000)
  object space 58880K, 14% used [0x00000000a0000000,0x00000000a080fd20,0x00000000a3980000)
 Metaspace       used 20692K, capacity 21138K, committed 21296K, reserved 1067008K
  class space    used 2906K, capacity 3119K, committed 3200K, reserved 1048576K
}
Event: 8.592 GC heap before
{Heap before GC invocations=8 (full 1):
 PSYoungGen      total 76288K, used 66560K [0x00000000e0000000, 0x00000000e5500000, 0x0000000100000000)
  eden space 66560K, 100% used [0x00000000e0000000,0x00000000e4100000,0x00000000e4100000)
  from space 9728K, 0% used [0x00000000e4b80000,0x00000000e4b80000,0x00000000e5500000)
  to   space 10240K, 0% used [0x00000000e4100000,0x00000000e4100000,0x00000000e4b00000)
 ParOldGen       total 58880K, used 8255K [0x00000000a0000000, 0x00000000a3980000, 0x00000000e0000000)
  object space 58880K, 14% used [0x00000000a0000000,0x00000000a080fd20,0x00000000a3980000)
 Metaspace       used 28865K, capacity 29324K, committed 29440K, reserved 1075200K
  class space    used 3881K, capacity 4068K, committed 4096K, reserved 1048576K
Event: 8.606 GC heap after
Heap after GC invocations=8 (full 1):
 PSYoungGen      total 76800K, used 7936K [0x00000000e0000000, 0x00000000e7d00000, 0x0000000100000000)
  eden space 66560K, 0% used [0x00000000e0000000,0x00000000e0000000,0x00000000e4100000)
  from space 10240K, 77% used [0x00000000e4100000,0x00000000e48c0050,0x00000000e4b00000)
  to   space 10752K, 0% used [0x00000000e7280000,0x00000000e7280000,0x00000000e7d00000)
 ParOldGen       total 58880K, used 8263K [0x00000000a0000000, 0x00000000a3980000, 0x00000000e0000000)
  object space 58880K, 14% used [0x00000000a0000000,0x00000000a0811d20,0x00000000a3980000)
 Metaspace       used 28865K, capacity 29324K, committed 29440K, reserved 1075200K
  class space    used 3881K, capacity 4068K, committed 4096K, reserved 1048576K
}

