# JRE version: OpenJDK Runtime Environment (8.0_152-b01) (build 1.8.0_152-release-1343-b01)
# Java VM: OpenJDK 64-Bit Server VM (25.152-b01 mixed mode windows-amd64 compressed oops)
Heap:
 PSYoungGen      total 110080K, used 2422K [0x00000000e0000000, 0x00000000e7880000, 0x0000000100000000)
  eden space 98304K, 2% used [0x00000000e0000000,0x00000000e025d858,0x00000000e6000000)
  from space 11776K, 0% used [0x00000000e6180000,0x00000000e6180000,0x00000000e6d00000)
  to   space 10240K, 0% used [0x00000000e6e80000,0x00000000e6e80000,0x00000000e7880000)
 ParOldGen       total 82432K, used 17512K [0x00000000a0000000, 0x00000000a5080000, 0x00000000e0000000)
  object space 82432K, 21% used [0x00000000a0000000,0x00000000a111a090,0x00000000a5080000)
 Metaspace       used 49782K, capacity 50592K, committed 51456K, reserved 1097728K
  class space    used 6696K, capacity 6943K, committed 7168K, reserved 1048576K
GC Heap History (10 events):
Event: 24.397 GC heap before
{Heap before GC invocations=20 (full 5):
 PSYoungGen      total 110080K, used 96K [0x00000000e0000000, 0x00000000e7880000, 0x0000000100000000)
  eden space 98304K, 0% used [0x00000000e0000000,0x00000000e0000000,0x00000000e6000000)
  from space 11776K, 0% used [0x00000000e6180000,0x00000000e6198000,0x00000000e6d00000)
  to   space 10240K, 0% used [0x00000000e6e80000,0x00000000e6e80000,0x00000000e7880000)
 ParOldGen       total 82432K, used 22710K [0x00000000a0000000, 0x00000000a5080000, 0x00000000e0000000)
  object space 82432K, 27% used [0x00000000a0000000,0x00000000a162d898,0x00000000a5080000)
 Metaspace       used 49113K, capacity 50146K, committed 50304K, reserved 1097728K
  class space    used 6636K, capacity 6920K, committed 7040K, reserved 1048576K
Event: 24.530 GC heap after
Heap after GC invocations=20 (full 5):
 PSYoungGen      total 110080K, used 0K [0x00000000e0000000, 0x00000000e7880000, 0x0000000100000000)
  eden space 98304K, 0% used [0x00000000e0000000,0x00000000e0000000,0x00000000e6000000)
  from space 11776K, 0% used [0x00000000e6180000,0x00000000e6180000,0x00000000e6d00000)
  to   space 10240K, 0% used [0x00000000e6e80000,0x00000000e6e80000,0x00000000e7880000)
 ParOldGen       total 82432K, used 22702K [0x00000000a0000000, 0x00000000a5080000, 0x00000000e0000000)
  object space 82432K, 27% used [0x00000000a0000000,0x00000000a162b920,0x00000000a5080000)
 Metaspace       used 49113K, capacity 50146K, committed 50304K, reserved 1095680K
  class space    used 6636K, capacity 6920K, committed 7040K, reserved 1048576K
}
Event: 24.655 GC heap before
{Heap before GC invocations=21 (full 5):
 PSYoungGen      total 110080K, used 1930K [0x00000000e0000000, 0x00000000e7880000, 0x0000000100000000)
  eden space 98304K, 1% used [0x00000000e0000000,0x00000000e01e2a50,0x00000000e6000000)
  from space 11776K, 0% used [0x00000000e6180000,0x00000000e6180000,0x00000000e6d00000)
  to   space 10240K, 0% used [0x00000000e6e80000,0x00000000e6e80000,0x00000000e7880000)
 ParOldGen       total 82432K, used 22702K [0x00000000a0000000, 0x00000000a5080000, 0x00000000e0000000)
  object space 82432K, 27% used [0x00000000a0000000,0x00000000a162b920,0x00000000a5080000)
 Metaspace       used 49920K, capacity 50956K, committed 51200K, reserved 1099776K
  class space    used 6726K, capacity 7019K, committed 7168K, reserved 1048576K
Event: 24.658 GC heap after
Heap after GC invocations=21 (full 5):
 PSYoungGen      total 108544K, used 412K [0x00000000e0000000, 0x00000000e7880000, 0x0000000100000000)
  eden space 98304K, 0% used [0x00000000e0000000,0x00000000e0000000,0x00000000e6000000)
  from space 10240K, 4% used [0x00000000e6e80000,0x00000000e6ee71c8,0x00000000e7880000)
  to   space 11776K, 0% used [0x00000000e6180000,0x00000000e6180000,0x00000000e6d00000)
 ParOldGen       total 82432K, used 22710K [0x00000000a0000000, 0x00000000a5080000, 0x00000000e0000000)
  object space 82432K, 27% used [0x00000000a0000000,0x00000000a162d920,0x00000000a5080000)
 Metaspace       used 49920K, capacity 50956K, committed 51200K, reserved 1099776K
  class space    used 6726K, capacity 7019K, committed 7168K, reserved 1048576K
}
Event: 24.658 GC heap before
{Heap before GC invocations=22 (full 6):
 PSYoungGen      total 108544K, used 412K [0x00000000e0000000, 0x00000000e7880000, 0x0000000100000000)
  eden space 98304K, 0% used [0x00000000e0000000,0x00000000e0000000,0x00000000e6000000)
  from space 10240K, 4% used [0x00000000e6e80000,0x00000000e6ee71c8,0x00000000e7880000)
  to   space 11776K, 0% used [0x00000000e6180000,0x00000000e6180000,0x00000000e6d00000)
 ParOldGen       total 82432K, used 22710K [0x00000000a0000000, 0x00000000a5080000, 0x00000000e0000000)
  object space 82432K, 27% used [0x00000000a0000000,0x00000000a162d920,0x00000000a5080000)
 Metaspace       used 49920K, capacity 50956K, committed 51200K, reserved 1099776K
  class space    used 6726K, capacity 7019K, committed 7168K, reserved 1048576K
Event: 24.742 GC heap after
Heap after GC invocations=22 (full 6):
 PSYoungGen      total 108544K, used 0K [0x00000000e0000000, 0x00000000e7880000, 0x0000000100000000)
  eden space 98304K, 0% used [0x00000000e0000000,0x00000000e0000000,0x00000000e6000000)
  from space 10240K, 0% used [0x00000000e6e80000,0x00000000e6e80000,0x00000000e7880000)
  to   space 11776K, 0% used [0x00000000e6180000,0x00000000e6180000,0x00000000e6d00000)
 ParOldGen       total 82432K, used 22953K [0x00000000a0000000, 0x00000000a5080000, 0x00000000e0000000)
  object space 82432K, 27% used [0x00000000a0000000,0x00000000a166a690,0x00000000a5080000)
 Metaspace       used 49920K, capacity 50956K, committed 51200K, reserved 1097728K
  class space    used 6726K, capacity 7019K, committed 7168K, reserved 1048576K
}
Event: 24.742 GC heap before
{Heap before GC invocations=23 (full 6):
 PSYoungGen      total 108544K, used 0K [0x00000000e0000000, 0x00000000e7880000, 0x0000000100000000)
  eden space 98304K, 0% used [0x00000000e0000000,0x00000000e0000000,0x00000000e6000000)
  from space 10240K, 0% used [0x00000000e6e80000,0x00000000e6e80000,0x00000000e7880000)
  to   space 11776K, 0% used [0x00000000e6180000,0x00000000e6180000,0x00000000e6d00000)
 ParOldGen       total 82432K, used 22953K [0x00000000a0000000, 0x00000000a5080000, 0x00000000e0000000)
  object space 82432K, 27% used [0x00000000a0000000,0x00000000a166a690,0x00000000a5080000)
 Metaspace       used 49920K, capacity 50956K, committed 51200K, reserved 1101824K
  class space    used 6726K, capacity 7019K, committed 7168K, reserved 1048576K
Event: 24.744 GC heap after
Heap after GC invocations=23 (full 6):
 PSYoungGen      total 110080K, used 0K [0x00000000e0000000, 0x00000000e7880000, 0x0000000100000000)
  eden space 98304K, 0% used [0x00000000e0000000,0x00000000e0000000,0x00000000e6000000)
  from space 11776K, 0% used [0x00000000e6180000,0x00000000e6180000,0x00000000e6d00000)
  to   space 10240K, 0% used [0x00000000e6e80000,0x00000000e6e80000,0x00000000e7880000)
 ParOldGen       total 82432K, used 22953K [0x00000000a0000000, 0x00000000a5080000, 0x00000000e0000000)
  object space 82432K, 27% used [0x00000000a0000000,0x00000000a166a690,0x00000000a5080000)
 Metaspace       used 49920K, capacity 50956K, committed 51200K, reserved 1101824K
  class space    used 6726K, capacity 7019K, committed 7168K, reserved 1048576K
}
Event: 24.744 GC heap before
{Heap before GC invocations=24 (full 7):
 PSYoungGen      total 110080K, used 0K [0x00000000e0000000, 0x00000000e7880000, 0x0000000100000000)
  eden space 98304K, 0% used [0x00000000e0000000,0x00000000e0000000,0x00000000e6000000)
  from space 11776K, 0% used [0x00000000e6180000,0x00000000e6180000,0x00000000e6d00000)
  to   space 10240K, 0% used [0x00000000e6e80000,0x00000000e6e80000,0x00000000e7880000)
 ParOldGen       total 82432K, used 22953K [0x00000000a0000000, 0x00000000a5080000, 0x00000000e0000000)
  object space 82432K, 27% used [0x00000000a0000000,0x00000000a166a690,0x00000000a5080000)
 Metaspace       used 49920K, capacity 50956K, committed 51200K, reserved 1101824K
  class space    used 6726K, capacity 7019K, committed 7168K, reserved 1048576K
Event: 24.962 GC heap after
Heap after GC invocations=24 (full 7):
 PSYoungGen      total 110080K, used 0K [0x00000000e0000000, 0x00000000e7880000, 0x0000000100000000)
  eden space 98304K, 0% used [0x00000000e0000000,0x00000000e0000000,0x00000000e6000000)
  from space 11776K, 0% used [0x00000000e6180000,0x00000000e6180000,0x00000000e6d00000)
  to   space 10240K, 0% used [0x00000000e6e80000,0x00000000e6e80000,0x00000000e7880000)
 ParOldGen       total 82432K, used 17512K [0x00000000a0000000, 0x00000000a5080000, 0x00000000e0000000)
  object space 82432K, 21% used [0x00000000a0000000,0x00000000a111a090,0x00000000a5080000)
 Metaspace       used 49613K, capacity 50432K, committed 51200K, reserved 1097728K
  class space    used 6667K, capacity 6911K, committed 7168K, reserved 1048576K
}

